1768291021903 click
1768291022283 click
1768291022471 click
1768291022633 click
1768291022804 click
1768291022969 click
1768291023136 click
1768291023299 click
1768291023468 click
1768291023634 click
1768291023800 click
1768291023985 click
1768291024151 click
1768291024332 click
1768291024518 click
1768291024705 click
1768291024888 click
1768291025051 click
1768291025218 click
1768291025439 click
1768291076020 click
1768291076705 click
1768291461503 click
1768291461688 click
1768291461889 click
1768291534021 click
1768291598021 click
1768291598490 click
1768291598655 click
1768291598820 click
1768291599421 click
1768291614838 click
1768291615525 click
1768291615921 click
1768291616308 click
1768291647739 click
1768291648073 click
1768291648574 click
1768291649073 click
1768291649257 click
1768291649406 click
1768291649571 click
1768291649738 click
1768291649888 click
1768291650072 click
1768291805471 click
1768291806107 click
1768291806788 click
1768291807187 click
1768291807388 click
1768291807630 click
1768291807789 click
1768291808119 click
1768291808539 click
1768291844892 click
1768291845305 click
1768291846171 click
1768291846753 click
1768291847141 click
1768291847337 click
1768291847551 click
1768291847989 click
1768291848154 click
1768291848318 click
1768291848507 click
1768291848708 click
1768291876724 click
1768291878170 click
1768291885472 click
1768291886638 click
1768291888024 click
1768291889683 click
1768291891019 click
1768291892269 click
1768291892952 click
1768291894578 click
1768291895856 click
1768291896873 click
1768291904824 click
1768291905152 click
1768291905321 click
1768291905801 click
1768291906169 click
1768291906702 click
1768291906867 click
1768291907050 click
1768291907278 click
1768291908538 click
1768291908920 click
1768291909451 click
1768291909818 click
1768291910367 click
1768291910852 click
1768291913386 click
1768291913768 click
1768291913954 click
1768291914151 click
1768291914668 click
1768291914887 click
1768291915085 click
1768291915301 click
1768291915501 click
1768291915686 click
1768291915870 click
1768291916386 click
1768291916586 click
1768291917031 click
1768291917518 click
1768291918002 click
1768291918741 click
1768291919187 click
1768291919544 click
1768291921887 click
1768291922301 click
1768291923075 click
1768291923468 click
1768291923668 click
1768291923851 click
1768291924017 click
1768291924184 click
1768291924351 click
1768291924520 click
1768291924688 click
1768291924835 click
1768291925190 click
1768291925351 click
1768291925552 click
1768291927005 click
1768291927207 click
1768291927897 click
1768291928517 click
1768291929084 click
1768291929851 click
1768291930567 click
1768291930969 click
1768291931168 click
1768291931671 click
1768291932334 click
1768291932702 click
1768291932867 click
1768291933265 click
1768291933434 click
1768291933637 click
1768291933803 click
1768291933984 click
1768291934151 click
1768291934351 click
1768291934533 click
1768291934703 click
1768291934901 click
1768291935088 click
1768291935270 click
1768291935487 click
1768291935651 click
1768291935817 click
1768291936002 click
1768291936184 click
1768291936917 click
1768291937725 click
1768291938150 click
1768291938650 click
1768291943776 click
1768291943934 click
1768291944982 click
1768291948003 click
1768291948555 click
1768291948901 click
1768291949085 click
1768291949235 click
1768291949401 click
1768291949553 click
1768291949717 click
1768291949869 click
1768291950034 click
1768291950214 click
1768291950367 click
1768291950535 click
1768291950703 click
1768291950867 click
1768291951051 click
1768292443161 click
1768292443302 click
1768292443467 click
1768292443639 click
1768292443788 click
1768292444121 click
1768292444303 click
1768292444453 click
1768292444624 click
1768292444788 click
1768292444955 click
1768292445105 click
1768292445554 click
1768292445722 click
1768292445904 click
1768292452691 click
1768292452856 click
1768292453001 click
1768292453151 click
1768292453318 click
1768292453493 click
1768292453619 click
1768292453767 click
1768292453918 click
1768292454090 click
1768292454239 click
1768292454387 click
1768292454552 click
1768292454719 click
1768292454888 click
1768292455038 click
1768292455191 click
1768292455373 click
1768292455541 click
1768292617143 click
1768292617551 click
1768292618504 click
1768292618735 click
1768292618936 click
1768292619120 click
1768292619286 click
1768292619452 click
1768292619620 click
1768292619790 click
1768292619986 click
1768292620153 click
1768292620338 click
1768292620536 click
1768292620721 click
1768292620920 click
1768292621136 click
1768292621320 click
1768292681187 click
1768292681436 click
1768292681867 click
1768292682235 click
1768292682468 click
1768292769967 click
1768292770666 click
1768292771351 click
1768292772236 click
1768292772486 click
1768292772685 click
1768292772883 click
1768292773250 click
1768292773450 click
1768292773687 click
1768292773886 click
1768292774081 click
1768292776016 click
1768292776552 click
1768292776983 click
1768292777436 click
1768292777718 click
1768292778068 click
1768292779185 click
1768292780051 click
1768292780254 click
1768292780634 click
1768292780852 click
1768292781033 click
1768292781216 click
1768292781403 click
1768292781585 click
1768292781919 click
1768292782119 click
1768292782284 click
1768292782471 click
1768292782670 click
1768292782868 click
1768292783066 click
1768292783232 click
1768292783433 click
1768292961607 click
1768292961902 click
1768292962215 click
1768292981348 click
1768292981581 click
1768292981781 click
1768292981948 click
1768292982132 click
1768293147034 click
1768293147748 click
1768293150114 click
1768293150932 click
1768293307714 click
1768293307910 click
1768293308106 click
1768293308277 click
1768293308644 click
1768293308826 click
1768293308992 click
1768293309377 click
1768293309526 click
1768293309728 click
1768293309900 click
1768293310080 click
1768293310244 click
1768293310453 click
1768293310662 click
1768293310928 click
1768293324567 click
1768293325832 click
1768293326912 click
1768293327293 click
1768293327681 click
1768293327879 click
1768293357246 click
1768293357425 click
1768293357594 click
1768293357776 click
1768293357925 click
1768293384129 click
1768293384257 click
1768293384442 click
1768293384760 click
1768293384944 click
1768293385140 click
1768293385310 click
1768293572101 click
1768293572589 click
1768293572779 click
1768293572970 click
1768293647336 click
1768293647720 click
1768293647939 click
1768293648139 click
1768293656075 click
1768293656236 click
1768293656439 click
1768293656603 click
1768293656752 click
1768293656946 click
1768293657086 click
1768293657272 click
1768293657437 click
1768293657637 click
1768293657924 click
1768293658121 click
1768293658523 click
1768293680650 click
1768293680836 click
1768293681268 click
1768293681853 click
1768293682088 click
1768293707551 click
1768293707989 click
1768293708719 click
1768293905267 click
1768293905483 click
1768293905685 click
1768293905868 click
1768293906031 click
1768293906217 click
1768294020451 click
1768294020629 click
1768294020800 click
1768294020949 click
1768294327512 click
1768294327929 click
1768294328132 click
1768294328293 click
1768294328497 click
1768294328662 click
1768294328831 click
1768294328980 click
1768294435080 click
1768294435248 click
1768294435415 click
1768294435561 click
1768294435747 click
1768294519841 
1768294520030 
1768294520183 
1768294520446 
1768294520598 
1768294520745 
1768294520897 
1768294521048 
1768295201903 
1768295202265 
1768295202649 
1768295202816 
1768295204253 
1768295204415 
1768295517206 
1768295517361 
1768295517520 
1768295517673 
1768295517839 
1768295518022 
1768295518173 
